<?xml version="1.0" encoding="UTF-8"?>
<!-- Generated by org.testng.reporters.JUnitXMLReporter -->
<testsuite ignored="0" hostname="DESKTOP-95BEDQV" failures="0" tests="8" name="Test3" time="51.73" errors="0" timestamp="2024-10-28T04:05:08 IST">
  <testcase classname="ParallelExe_TestLevel.Parallel_Class2" name="testChrome" time="4.585"/>
  <testcase classname="ParallelExe_TestLevel.Parallel_Class2" name="testFirefox" time="7.15"/>
  <testcase classname="ParallelExe_TestLevel.Parallel_Class3" name="testChrome" time="5.153"/>
  <testcase classname="ParallelExe_TestLevel.Parallel_Class3" name="testFirefox" time="8.083"/>
  <testcase classname="ParallelExe_TestLevel.Parallel_Class4" name="testChrome" time="6.117"/>
  <testcase classname="ParallelExe_TestLevel.Parallel_Class4" name="testFirefox" time="6.427"/>
  <testcase classname="ParallelExe_TestLevel.Parallel_Class1" name="testChrome" time="6.203"/>
  <testcase classname="ParallelExe_TestLevel.Parallel_Class1" name="testFirefox" time="7.966"/>
</testsuite> <!-- Test3 -->
